# JRE version: Java(TM) SE Runtime Environment (18.0.2.1+1) (build 18.0.2.1+1-1)
# Java VM: Java HotSpot(TM) 64-Bit Server VM (18.0.2.1+1-1, mixed mode, sharing, tiered, compressed oops, compressed class ptrs, g1 gc, windows-amd64)
GC Precious Log:
 CardTable entry size: 512
 Card Set container configuration: InlinePtr #cards 5 size 8 Array Of Cards #cards 12 size 40 Howl #buckets 4 coarsen threshold 1843 Howl Bitmap #cards 512 size 80 coarsen threshold 460 Card regions per heap region 1 cards per card region 2048
 CPUs: 4 total, 4 available
 Memory: 3982M
 Large Page Support: Disabled
 NUMA Support: Disabled
 Compressed Oops: Enabled (32-bit)
 Heap Region Size: 1M
 Heap Min Capacity: 8M
 Heap Initial Capacity: 64M
 Heap Max Capacity: 996M
 Pre-touch: Disabled
 Parallel Workers: 4
 Concurrent Workers: 1
 Concurrent Refinement Workers: 4
 Periodic GC: Disabled
Heap:
 garbage-first heap   total 65536K, used 18133K [0x00000000c1c00000, 0x0000000100000000)
  region size 1024K, 11 young (11264K), 2 survivors (2048K)
 Metaspace       used 7240K, committed 7424K, reserved 1114112K
  class space    used 764K, committed 832K, reserved 1048576K
GC Heap History (8 events):
Event: 131.476 GC heap before
{Heap before GC invocations=0 (full 0):
 garbage-first heap   total 65536K, used 13312K [0x00000000c1c00000, 0x0000000100000000)
  region size 1024K, 13 young (13312K), 0 survivors (0K)
 Metaspace       used 1811K, committed 1984K, reserved 1114112K
  class space    used 170K, committed 256K, reserved 1048576K
}
Event: 133.903 GC heap after
{Heap after GC invocations=1 (full 0):
 garbage-first heap   total 65536K, used 8240K [0x00000000c1c00000, 0x0000000100000000)
  region size 1024K, 2 young (2048K), 2 survivors (2048K)
 Metaspace       used 1811K, committed 1984K, reserved 1114112K
  class space    used 170K, committed 256K, reserved 1048576K
}
Event: 138.865 GC heap before
{Heap before GC invocations=1 (full 0):
 garbage-first heap   total 65536K, used 10288K [0x00000000c1c00000, 0x0000000100000000)
  region size 1024K, 4 young (4096K), 2 survivors (2048K)
 Metaspace       used 2254K, committed 2432K, reserved 1114112K
  class space    used 232K, committed 320K, reserved 1048576K
}
Event: 138.872 GC heap after
{Heap after GC invocations=2 (full 0):
 garbage-first heap   total 65536K, used 8529K [0x00000000c1c00000, 0x0000000100000000)
  region size 1024K, 1 young (1024K), 1 survivors (1024K)
 Metaspace       used 2254K, committed 2432K, reserved 1114112K
  class space    used 232K, committed 320K, reserved 1048576K
}
Event: 167.161 GC heap before
{Heap before GC invocations=2 (full 0):
 garbage-first heap   total 65536K, used 12625K [0x00000000c1c00000, 0x0000000100000000)
  region size 1024K, 6 young (6144K), 1 survivors (1024K)
 Metaspace       used 3729K, committed 3904K, reserved 1114112K
  class space    used 381K, committed 448K, reserved 1048576K
}
Event: 167.164 GC heap after
{Heap after GC invocations=3 (full 0):
 garbage-first heap   total 65536K, used 8648K [0x00000000c1c00000, 0x0000000100000000)
  region size 1024K, 1 young (1024K), 1 survivors (1024K)
 Metaspace       used 3729K, committed 3904K, reserved 1114112K
  class space    used 381K, committed 448K, reserved 1048576K
}
Event: 261.594 GC heap before
{Heap before GC invocations=3 (full 0):
 garbage-first heap   total 65536K, used 17864K [0x00000000c1c00000, 0x0000000100000000)
  region size 1024K, 11 young (11264K), 1 survivors (1024K)
 Metaspace       used 6673K, committed 6976K, reserved 1114112K
  class space    used 681K, committed 832K, reserved 1048576K
}
Event: 261.599 GC heap after
{Heap after GC invocations=4 (full 0):
 garbage-first heap   total 65536K, used 9941K [0x00000000c1c00000, 0x0000000100000000)
  region size 1024K, 2 young (2048K), 2 survivors (2048K)
 Metaspace       used 6673K, committed 6976K, reserved 1114112K
  class space    used 681K, committed 832K, reserved 1048576K
}

