# JRE version: Java(TM) SE Runtime Environment (18.0.2.1+1) (build 18.0.2.1+1-1)
# Java VM: Java HotSpot(TM) 64-Bit Server VM (18.0.2.1+1-1, mixed mode, sharing, tiered, compressed oops, compressed class ptrs, g1 gc, windows-amd64)
GC Precious Log:
 CardTable entry size: 512
 Card Set container configuration: InlinePtr #cards 5 size 8 Array Of Cards #cards 12 size 40 Howl #buckets 4 coarsen threshold 1843 Howl Bitmap #cards 512 size 80 coarsen threshold 460 Card regions per heap region 1 cards per card region 2048
 CPUs: 4 total, 4 available
 Memory: 3982M
 Large Page Support: Disabled
 NUMA Support: Disabled
 Compressed Oops: Enabled (32-bit)
 Heap Region Size: 1M
 Heap Min Capacity: 8M
 Heap Initial Capacity: 64M
 Heap Max Capacity: 996M
 Pre-touch: Disabled
 Parallel Workers: 4
 Concurrent Workers: 1
 Concurrent Refinement Workers: 4
 Periodic GC: Disabled
Heap:
 garbage-first heap   total 65536K, used 12965K [0x00000000c1c00000, 0x0000000100000000)
  region size 1024K, 4 young (4096K), 1 survivors (1024K)
 Metaspace       used 9016K, committed 9280K, reserved 1114112K
  class space    used 993K, committed 1088K, reserved 1048576K
GC Heap History (12 events):
Event: 58.811 GC heap before
{Heap before GC invocations=0 (full 0):
 garbage-first heap   total 65536K, used 13312K [0x00000000c1c00000, 0x0000000100000000)
  region size 1024K, 13 young (13312K), 0 survivors (0K)
 Metaspace       used 1811K, committed 1984K, reserved 1114112K
  class space    used 170K, committed 256K, reserved 1048576K
}
Event: 58.918 GC heap after
{Heap after GC invocations=1 (full 0):
 garbage-first heap   total 65536K, used 8224K [0x00000000c1c00000, 0x0000000100000000)
  region size 1024K, 2 young (2048K), 2 survivors (2048K)
 Metaspace       used 1811K, committed 1984K, reserved 1114112K
  class space    used 170K, committed 256K, reserved 1048576K
}
Event: 67.735 GC heap before
{Heap before GC invocations=1 (full 0):
 garbage-first heap   total 65536K, used 15392K [0x00000000c1c00000, 0x0000000100000000)
  region size 1024K, 10 young (10240K), 2 survivors (2048K)
 Metaspace       used 4009K, committed 4160K, reserved 1114112K
  class space    used 404K, committed 512K, reserved 1048576K
}
Event: 67.743 GC heap after
{Heap after GC invocations=2 (full 0):
 garbage-first heap   total 65536K, used 8761K [0x00000000c1c00000, 0x0000000100000000)
  region size 1024K, 1 young (1024K), 1 survivors (1024K)
 Metaspace       used 4009K, committed 4160K, reserved 1114112K
  class space    used 404K, committed 512K, reserved 1048576K
}
Event: 252.702 GC heap before
{Heap before GC invocations=2 (full 0):
 garbage-first heap   total 65536K, used 26169K [0x00000000c1c00000, 0x0000000100000000)
  region size 1024K, 19 young (19456K), 1 survivors (1024K)
 Metaspace       used 7313K, committed 7488K, reserved 1114112K
  class space    used 773K, committed 832K, reserved 1048576K
}
Event: 255.325 GC heap after
{Heap after GC invocations=3 (full 0):
 garbage-first heap   total 65536K, used 12473K [0x00000000c1c00000, 0x0000000100000000)
  region size 1024K, 3 young (3072K), 3 survivors (3072K)
 Metaspace       used 7313K, committed 7488K, reserved 1114112K
  class space    used 773K, committed 832K, reserved 1048576K
}
Event: 257.051 GC heap before
{Heap before GC invocations=3 (full 0):
 garbage-first heap   total 65536K, used 13497K [0x00000000c1c00000, 0x0000000100000000)
  region size 1024K, 4 young (4096K), 3 survivors (3072K)
 Metaspace       used 7547K, committed 7744K, reserved 1114112K
  class space    used 795K, committed 896K, reserved 1048576K
}
Event: 257.155 GC heap after
{Heap after GC invocations=4 (full 0):
 garbage-first heap   total 65536K, used 10768K [0x00000000c1c00000, 0x0000000100000000)
  region size 1024K, 1 young (1024K), 1 survivors (1024K)
 Metaspace       used 7547K, committed 7744K, reserved 1114112K
  class space    used 795K, committed 896K, reserved 1048576K
}
Event: 259.387 GC heap before
{Heap before GC invocations=4 (full 0):
 garbage-first heap   total 65536K, used 12816K [0x00000000c1c00000, 0x0000000100000000)
  region size 1024K, 3 young (3072K), 1 survivors (1024K)
 Metaspace       used 7944K, committed 8128K, reserved 1114112K
  class space    used 860K, committed 960K, reserved 1048576K
}
Event: 259.391 GC heap after
{Heap after GC invocations=5 (full 0):
 garbage-first heap   total 65536K, used 10791K [0x00000000c1c00000, 0x0000000100000000)
  region size 1024K, 1 young (1024K), 1 survivors (1024K)
 Metaspace       used 7944K, committed 8128K, reserved 1114112K
  class space    used 860K, committed 960K, reserved 1048576K
}
Event: 266.455 GC heap before
{Heap before GC invocations=5 (full 0):
 garbage-first heap   total 65536K, used 12839K [0x00000000c1c00000, 0x0000000100000000)
  region size 1024K, 3 young (3072K), 1 survivors (1024K)
 Metaspace       used 8367K, committed 8576K, reserved 1114112K
  class space    used 919K, committed 1024K, reserved 1048576K
}
Event: 266.459 GC heap after
{Heap after GC invocations=6 (full 0):
 garbage-first heap   total 65536K, used 10917K [0x00000000c1c00000, 0x0000000100000000)
  region size 1024K, 1 young (1024K), 1 survivors (1024K)
 Metaspace       used 8367K, committed 8576K, reserved 1114112K
  class space    used 919K, committed 1024K, reserved 1048576K
}

